# JRE version: Java(TM) SE Runtime Environment (8.0_172-b11) (build 1.8.0_172-b11)
# Java VM: Java HotSpot(TM) 64-Bit Server VM (25.172-b11 mixed mode windows-amd64 compressed oops)
Heap:
 PSYoungGen      total 76288K, used 12517K [0x000000076b100000, 0x0000000770600000, 0x00000007c0000000)
  eden space 65536K, 7% used [0x000000076b100000,0x000000076b580e18,0x000000076f100000)
  from space 10752K, 73% used [0x000000076f100000,0x000000076f8b86e8,0x000000076fb80000)
  to   space 10752K, 0% used [0x000000076fb80000,0x000000076fb80000,0x0000000770600000)
 ParOldGen       total 82944K, used 12350K [0x00000006c1200000, 0x00000006c6300000, 0x000000076b100000)
  object space 82944K, 14% used [0x00000006c1200000,0x00000006c1e0fb80,0x00000006c6300000)
 Metaspace       used 22872K, capacity 24020K, committed 24192K, reserved 1071104K
  class space    used 3118K, capacity 3395K, committed 3456K, reserved 1048576K
GC Heap History (8 events):
Event: 2.794 GC heap before
{Heap before GC invocations=1 (full 0):
 PSYoungGen      total 76288K, used 65014K [0x000000076b100000, 0x0000000770600000, 0x00000007c0000000)
  eden space 65536K, 99% used [0x000000076b100000,0x000000076f07d840,0x000000076f100000)
  from space 10752K, 0% used [0x000000076fb80000,0x000000076fb80000,0x0000000770600000)
  to   space 10752K, 0% used [0x000000076f100000,0x000000076f100000,0x000000076fb80000)
 ParOldGen       total 175104K, used 0K [0x00000006c1200000, 0x00000006cbd00000, 0x000000076b100000)
  object space 175104K, 0% used [0x00000006c1200000,0x00000006c1200000,0x00000006cbd00000)
 Metaspace       used 19095K, capacity 20208K, committed 20224K, reserved 1067008K
  class space    used 2806K, capacity 3071K, committed 3072K, reserved 1048576K
Event: 2.801 GC heap after
Heap after GC invocations=1 (full 0):
 PSYoungGen      total 76288K, used 8347K [0x000000076b100000, 0x0000000770600000, 0x00000007c0000000)
  eden space 65536K, 0% used [0x000000076b100000,0x000000076b100000,0x000000076f100000)
  from space 10752K, 77% used [0x000000076f100000,0x000000076f926e18,0x000000076fb80000)
  to   space 10752K, 0% used [0x000000076fb80000,0x000000076fb80000,0x0000000770600000)
 ParOldGen       total 175104K, used 88K [0x00000006c1200000, 0x00000006cbd00000, 0x000000076b100000)
  object space 175104K, 0% used [0x00000006c1200000,0x00000006c1216010,0x00000006cbd00000)
 Metaspace       used 19095K, capacity 20208K, committed 20224K, reserved 1067008K
  class space    used 2806K, capacity 3071K, committed 3072K, reserved 1048576K
}
Event: 6.021 GC heap before
{Heap before GC invocations=2 (full 0):
 PSYoungGen      total 76288K, used 19769K [0x000000076b100000, 0x0000000770600000, 0x00000007c0000000)
  eden space 65536K, 17% used [0x000000076b100000,0x000000076bc27758,0x000000076f100000)
  from space 10752K, 77% used [0x000000076f100000,0x000000076f926e18,0x000000076fb80000)
  to   space 10752K, 0% used [0x000000076fb80000,0x000000076fb80000,0x0000000770600000)
 ParOldGen       total 175104K, used 88K [0x00000006c1200000, 0x00000006cbd00000, 0x000000076b100000)
  object space 175104K, 0% used [0x00000006c1200000,0x00000006c1216010,0x00000006cbd00000)
 Metaspace       used 20088K, capacity 21220K, committed 21296K, reserved 1067008K
  class space    used 2874K, capacity 3127K, committed 3200K, reserved 1048576K
Event: 6.027 GC heap after
Heap after GC invocations=2 (full 0):
 PSYoungGen      total 76288K, used 10750K [0x000000076b100000, 0x0000000770600000, 0x00000007c0000000)
  eden space 65536K, 0% used [0x000000076b100000,0x000000076b100000,0x000000076f100000)
  from space 10752K, 99% used [0x000000076fb80000,0x00000007705ffb30,0x0000000770600000)
  to   space 10752K, 0% used [0x000000076f100000,0x000000076f100000,0x000000076fb80000)
 ParOldGen       total 175104K, used 3754K [0x00000006c1200000, 0x00000006cbd00000, 0x000000076b100000)
  object space 175104K, 2% used [0x00000006c1200000,0x00000006c15aaad0,0x00000006cbd00000)
 Metaspace       used 20088K, capacity 21220K, committed 21296K, reserved 1067008K
  class space    used 2874K, capacity 3127K, committed 3200K, reserved 1048576K
}
Event: 6.027 GC heap before
{Heap before GC invocations=3 (full 1):
 PSYoungGen      total 76288K, used 10750K [0x000000076b100000, 0x0000000770600000, 0x00000007c0000000)
  eden space 65536K, 0% used [0x000000076b100000,0x000000076b100000,0x000000076f100000)
  from space 10752K, 99% used [0x000000076fb80000,0x00000007705ffb30,0x0000000770600000)
  to   space 10752K, 0% used [0x000000076f100000,0x000000076f100000,0x000000076fb80000)
 ParOldGen       total 175104K, used 3754K [0x00000006c1200000, 0x00000006cbd00000, 0x000000076b100000)
  object space 175104K, 2% used [0x00000006c1200000,0x00000006c15aaad0,0x00000006cbd00000)
 Metaspace       used 20088K, capacity 21220K, committed 21296K, reserved 1067008K
  class space    used 2874K, capacity 3127K, committed 3200K, reserved 1048576K
Event: 6.051 GC heap after
Heap after GC invocations=3 (full 1):
 PSYoungGen      total 76288K, used 0K [0x000000076b100000, 0x0000000770600000, 0x00000007c0000000)
  eden space 65536K, 0% used [0x000000076b100000,0x000000076b100000,0x000000076f100000)
  from space 10752K, 0% used [0x000000076fb80000,0x000000076fb80000,0x0000000770600000)
  to   space 10752K, 0% used [0x000000076f100000,0x000000076f100000,0x000000076fb80000)
 ParOldGen       total 82944K, used 12342K [0x00000006c1200000, 0x00000006c6300000, 0x000000076b100000)
  object space 82944K, 14% used [0x00000006c1200000,0x00000006c1e0db80,0x00000006c6300000)
 Metaspace       used 20088K, capacity 21220K, committed 21296K, reserved 1067008K
  class space    used 2874K, capacity 3127K, committed 3200K, reserved 1048576K
}
Event: 40.641 GC heap before
{Heap before GC invocations=4 (full 1):
 PSYoungGen      total 76288K, used 64919K [0x000000076b100000, 0x0000000770600000, 0x00000007c0000000)
  eden space 65536K, 99% used [0x000000076b100000,0x000000076f065ca8,0x000000076f100000)
  from space 10752K, 0% used [0x000000076fb80000,0x000000076fb80000,0x0000000770600000)
  to   space 10752K, 0% used [0x000000076f100000,0x000000076f100000,0x000000076fb80000)
 ParOldGen       total 82944K, used 12342K [0x00000006c1200000, 0x00000006c6300000, 0x000000076b100000)
  object space 82944K, 14% used [0x00000006c1200000,0x00000006c1e0db80,0x00000006c6300000)
 Metaspace       used 22871K, capacity 24020K, committed 24192K, reserved 1071104K
  class space    used 3118K, capacity 3395K, committed 3456K, reserved 1048576K
Event: 40.642 GC heap after
Heap after GC invocations=4 (full 1):
 PSYoungGen      total 76288K, used 7905K [0x000000076b100000, 0x0000000770600000, 0x00000007c0000000)
  eden space 65536K, 0% used [0x000000076b100000,0x000000076b100000,0x000000076f100000)
  from space 10752K, 73% used [0x000000076f100000,0x000000076f8b86e8,0x000000076fb80000)
  to   space 10752K, 0% used [0x000000076fb80000,0x000000076fb80000,0x0000000770600000)
 ParOldGen       total 82944K, used 12350K [0x00000006c1200000, 0x00000006c6300000, 0x000000076b100000)
  object space 82944K, 14% used [0x00000006c1200000,0x00000006c1e0fb80,0x00000006c6300000)
 Metaspace       used 22871K, capacity 24020K, committed 24192K, reserved 1071104K
  class space    used 3118K, capacity 3395K, committed 3456K, reserved 1048576K
}

