# JRE version: Java(TM) SE Runtime Environment (8.0_172-b11) (build 1.8.0_172-b11)
# Java VM: Java HotSpot(TM) 64-Bit Server VM (25.172-b11 mixed mode windows-amd64 compressed oops)
Heap:
 PSYoungGen      total 76288K, used 10291K [0x000000076b100000, 0x0000000770600000, 0x00000007c0000000)
  eden space 65536K, 9% used [0x000000076b100000,0x000000076b6e5d68,0x000000076f100000)
  from space 10752K, 39% used [0x000000076f100000,0x000000076f526fd8,0x000000076fb80000)
  to   space 10752K, 0% used [0x000000076fb80000,0x000000076fb80000,0x0000000770600000)
 ParOldGen       total 83456K, used 12697K [0x00000006c1200000, 0x00000006c6380000, 0x000000076b100000)
  object space 83456K, 15% used [0x00000006c1200000,0x00000006c1e66648,0x00000006c6380000)
 Metaspace       used 22971K, capacity 24092K, committed 24192K, reserved 1071104K
  class space    used 3116K, capacity 3395K, committed 3456K, reserved 1048576K
GC Heap History (8 events):
Event: 2.253 GC heap before
{Heap before GC invocations=1 (full 0):
 PSYoungGen      total 76288K, used 65536K [0x000000076b100000, 0x0000000770600000, 0x00000007c0000000)
  eden space 65536K, 100% used [0x000000076b100000,0x000000076f100000,0x000000076f100000)
  from space 10752K, 0% used [0x000000076fb80000,0x000000076fb80000,0x0000000770600000)
  to   space 10752K, 0% used [0x000000076f100000,0x000000076f100000,0x000000076fb80000)
 ParOldGen       total 175104K, used 0K [0x00000006c1200000, 0x00000006cbd00000, 0x000000076b100000)
  object space 175104K, 0% used [0x00000006c1200000,0x00000006c1200000,0x00000006cbd00000)
 Metaspace       used 18837K, capacity 19900K, committed 19968K, reserved 1067008K
  class space    used 2770K, capacity 3029K, committed 3072K, reserved 1048576K
Event: 2.258 GC heap after
Heap after GC invocations=1 (full 0):
 PSYoungGen      total 76288K, used 8268K [0x000000076b100000, 0x0000000770600000, 0x00000007c0000000)
  eden space 65536K, 0% used [0x000000076b100000,0x000000076b100000,0x000000076f100000)
  from space 10752K, 76% used [0x000000076f100000,0x000000076f9133f8,0x000000076fb80000)
  to   space 10752K, 0% used [0x000000076fb80000,0x000000076fb80000,0x0000000770600000)
 ParOldGen       total 175104K, used 88K [0x00000006c1200000, 0x00000006cbd00000, 0x000000076b100000)
  object space 175104K, 0% used [0x00000006c1200000,0x00000006c1216010,0x00000006cbd00000)
 Metaspace       used 18837K, capacity 19900K, committed 19968K, reserved 1067008K
  class space    used 2770K, capacity 3029K, committed 3072K, reserved 1048576K
}
Event: 7.604 GC heap before
{Heap before GC invocations=2 (full 0):
 PSYoungGen      total 76288K, used 19609K [0x000000076b100000, 0x0000000770600000, 0x00000007c0000000)
  eden space 65536K, 17% used [0x000000076b100000,0x000000076bc132f0,0x000000076f100000)
  from space 10752K, 76% used [0x000000076f100000,0x000000076f9133f8,0x000000076fb80000)
  to   space 10752K, 0% used [0x000000076fb80000,0x000000076fb80000,0x0000000770600000)
 ParOldGen       total 175104K, used 88K [0x00000006c1200000, 0x00000006cbd00000, 0x000000076b100000)
  object space 175104K, 0% used [0x00000006c1200000,0x00000006c1216010,0x00000006cbd00000)
 Metaspace       used 20045K, capacity 21164K, committed 21296K, reserved 1067008K
  class space    used 2871K, capacity 3127K, committed 3200K, reserved 1048576K
Event: 7.609 GC heap after
Heap after GC invocations=2 (full 0):
 PSYoungGen      total 76288K, used 10728K [0x000000076b100000, 0x0000000770600000, 0x00000007c0000000)
  eden space 65536K, 0% used [0x000000076b100000,0x000000076b100000,0x000000076f100000)
  from space 10752K, 99% used [0x000000076fb80000,0x00000007705fa1f0,0x0000000770600000)
  to   space 10752K, 0% used [0x000000076f100000,0x000000076f100000,0x000000076fb80000)
 ParOldGen       total 175104K, used 4090K [0x00000006c1200000, 0x00000006cbd00000, 0x000000076b100000)
  object space 175104K, 2% used [0x00000006c1200000,0x00000006c15feaa0,0x00000006cbd00000)
 Metaspace       used 20045K, capacity 21164K, committed 21296K, reserved 1067008K
  class space    used 2871K, capacity 3127K, committed 3200K, reserved 1048576K
}
Event: 7.609 GC heap before
{Heap before GC invocations=3 (full 1):
 PSYoungGen      total 76288K, used 10728K [0x000000076b100000, 0x0000000770600000, 0x00000007c0000000)
  eden space 65536K, 0% used [0x000000076b100000,0x000000076b100000,0x000000076f100000)
  from space 10752K, 99% used [0x000000076fb80000,0x00000007705fa1f0,0x0000000770600000)
  to   space 10752K, 0% used [0x000000076f100000,0x000000076f100000,0x000000076fb80000)
 ParOldGen       total 175104K, used 4090K [0x00000006c1200000, 0x00000006cbd00000, 0x000000076b100000)
  object space 175104K, 2% used [0x00000006c1200000,0x00000006c15feaa0,0x00000006cbd00000)
 Metaspace       used 20045K, capacity 21164K, committed 21296K, reserved 1067008K
  class space    used 2871K, capacity 3127K, committed 3200K, reserved 1048576K
Event: 7.635 GC heap after
Heap after GC invocations=3 (full 1):
 PSYoungGen      total 76288K, used 0K [0x000000076b100000, 0x0000000770600000, 0x00000007c0000000)
  eden space 65536K, 0% used [0x000000076b100000,0x000000076b100000,0x000000076f100000)
  from space 10752K, 0% used [0x000000076fb80000,0x000000076fb80000,0x0000000770600000)
  to   space 10752K, 0% used [0x000000076f100000,0x000000076f100000,0x000000076fb80000)
 ParOldGen       total 83456K, used 12689K [0x00000006c1200000, 0x00000006c6380000, 0x000000076b100000)
  object space 83456K, 15% used [0x00000006c1200000,0x00000006c1e64648,0x00000006c6380000)
 Metaspace       used 20045K, capacity 21164K, committed 21296K, reserved 1067008K
  class space    used 2871K, capacity 3127K, committed 3200K, reserved 1048576K
}
Event: 39.881 GC heap before
{Heap before GC invocations=4 (full 1):
 PSYoungGen      total 76288K, used 65536K [0x000000076b100000, 0x0000000770600000, 0x00000007c0000000)
  eden space 65536K, 100% used [0x000000076b100000,0x000000076f100000,0x000000076f100000)
  from space 10752K, 0% used [0x000000076fb80000,0x000000076fb80000,0x0000000770600000)
  to   space 10752K, 0% used [0x000000076f100000,0x000000076f100000,0x000000076fb80000)
 ParOldGen       total 83456K, used 12689K [0x00000006c1200000, 0x00000006c6380000, 0x000000076b100000)
  object space 83456K, 15% used [0x00000006c1200000,0x00000006c1e64648,0x00000006c6380000)
 Metaspace       used 22970K, capacity 24092K, committed 24192K, reserved 1071104K
  class space    used 3116K, capacity 3395K, committed 3456K, reserved 1048576K
Event: 39.882 GC heap after
Heap after GC invocations=4 (full 1):
 PSYoungGen      total 76288K, used 4251K [0x000000076b100000, 0x0000000770600000, 0x00000007c0000000)
  eden space 65536K, 0% used [0x000000076b100000,0x000000076b100000,0x000000076f100000)
  from space 10752K, 39% used [0x000000076f100000,0x000000076f526fd8,0x000000076fb80000)
  to   space 10752K, 0% used [0x000000076fb80000,0x000000076fb80000,0x0000000770600000)
 ParOldGen       total 83456K, used 12697K [0x00000006c1200000, 0x00000006c6380000, 0x000000076b100000)
  object space 83456K, 15% used [0x00000006c1200000,0x00000006c1e66648,0x00000006c6380000)
 Metaspace       used 22970K, capacity 24092K, committed 24192K, reserved 1071104K
  class space    used 3116K, capacity 3395K, committed 3456K, reserved 1048576K
}

